eeschema (2013-07-07 BZR 4022)-stable  >> Creation date: 22/06/2015 22:47:07
#Cmp ( order = Reference )
| C1         TBD         
| C2         15pF        
| C3         15pF        
| C4         0.1uF       
| C5         0.1uF       
| C6         100pF       
| C7         33nF        
| C8         CP1         
| C9         CP1         
| D1         TBD         
| D2         TBD         
| D3         LED         
| D4         LED         
| D5         DIODESCH    
| D6         0           
| K1         NIKON_CONN  
| L1         INDUCTOR    
| P1         ICSP        
| P3         MODE_SW     
| P4         SW1         
| P5         TP_BT_RX    
| P6         TP_BT_TX    
| P7         SW2         
| P8         SW3         
| P9         BATT_CONN   
| P10        PWR_SW      
| R1         TBD         
| R2         0           
| R3         10k         
| R4         10k         
| R5         4k6         
| R6         10k         
| R7         10k         
| R8         10k         
| R9         200         
| R10        200         
| R11        10k         
| R12        R           
| R13        10k         
| R14        1K8         
| R15        R           
| R16        R           
| R17        R           
| T1         BSV52       
| T2         BSV52       
| U1         PIC18F14K50 
| U2         EGBT-046S   
| U3         TPS61006    
| X1         CRYSTAL     
#End Cmp

#Cmp ( order = Value )
| 15pF         C2        
| 15pF         C3        
| 100pF        C6        
| 33nF         C7        
| 0.1uF        C4        
| 0.1uF        C5        
| TBD          C1        
| CP1          C8        
| CP1          C9        
| 0            D6        
| TBD          D1        
| TBD          D2        
| LED          D3        
| LED          D4        
| DIODESCH     D5        
| NIKON_CONN   K1        
| INDUCTOR     L1        
| ICSP         P1        
| MODE_SW      P3        
| SW1          P4        
| SW2          P7        
| SW3          P8        
| BATT_CONN    P9        
| PWR_SW       P10       
| TP_BT_RX     P5        
| TP_BT_TX     P6        
| 0            R2        
| 200          R9        
| 200          R10       
| 1K8          R14       
| 4k6          R5        
| 10k          R3        
| 10k          R4        
| 10k          R6        
| 10k          R7        
| 10k          R8        
| 10k          R11       
| 10k          R13       
| TBD          R1        
| R            R12       
| R            R15       
| R            R16       
| R            R17       
| BSV52        T1        
| BSV52        T2        
| EGBT-046S    U2        
| TPS61006     U3        
| PIC18F14K50  U1        
| CRYSTAL      X1        
#End Cmp

#End List
